<testsuites name="eslint tests">
  <testsuite errors="1" failures="1" name="/src/components/arkivuttrekk/ControlSteps/Step/Step.tsx" skipped="0" tests="1" time="1" timestamp="2021-09-10T08:52:21">
    <testcase classname="prettier/prettier" name="93 : " time="1">
      <failure>Insert `↹↹`</failure>
    </testcase>
  </testsuite>
  <testsuite errors="1" failures="1" name="/src/pages/arkivuttrekk/[id].tsx" skipped="0" tests="1" time="1" timestamp="2021-09-10T08:52:21">
    <testcase classname="prettier/prettier" name="153 : " time="1">
      <failure>Insert `↹`</failure>
    </testcase>
  </testsuite>
</testsuites>
