<?xml version="1.0" encoding="UTF-8"?>
<testsuites name="jest tests" tests="12" failures="0" errors="0" time="11.283">
  <testsuite name="src/__tests__/components/layout/Main.test.tsx" errors="0" failures="0" skipped="0" timestamp="2021-09-07T15:32:39" time="10.206" tests="2">
    <testcase classname="&lt;Main /&gt;" name="It renders" time="0.05">
    </testcase>
    <testcase classname="&lt;Main /&gt;" name="It renders with sidebar open" time="0.013">
    </testcase>
  </testsuite>
  <testsuite name="src/__tests__/components/layout/Paper.test.tsx" errors="0" failures="0" skipped="0" timestamp="2021-09-07T15:32:39" time="10.212" tests="3">
    <testcase classname="&lt;Paper /&gt;" name="It renders" time="0.039">
    </testcase>
    <testcase classname="&lt;Paper /&gt;" name="It renders with title" time="0.009">
    </testcase>
    <testcase classname="&lt;Paper /&gt;" name="It renders with header" time="0.014">
    </testcase>
  </testsuite>
  <testsuite name="src/__tests__/pages/arkivuttrekk/[id].tsx" errors="0" failures="0" skipped="0" timestamp="2021-09-07T15:32:39" time="10.234" tests="1">
    <testcase classname="Arkivuttrekk side" name="It renders" time="0.087">
    </testcase>
  </testsuite>
  <testsuite name="src/__tests__/components/layout/Sidebar/Sidebar.test.tsx" errors="0" failures="0" skipped="0" timestamp="2021-09-07T15:32:39" time="10.253" tests="4">
    <testcase classname="&lt;Sidebar /&gt;" name="It renders" time="0.062">
    </testcase>
    <testcase classname="&lt;Sidebar /&gt;" name="It renders with sidebar open" time="0.022">
    </testcase>
    <testcase classname="&lt;Sidebar /&gt;" name="It triggers keyDown eventlistener on Escape keydown" time="0.012">
    </testcase>
    <testcase classname="&lt;Sidebar /&gt;" name="It does not trigger keyDown eventlistener on Enter keydown" time="0.011">
    </testcase>
  </testsuite>
  <testsuite name="src/__tests__/components/layout/NavBar.test.tsx" errors="0" failures="0" skipped="0" timestamp="2021-09-07T15:32:39" time="10.26" tests="2">
    <testcase classname="&lt;NavBar /&gt;" name="It renders" time="0.088">
    </testcase>
    <testcase classname="&lt;NavBar /&gt;" name="It renders with sidebar open" time="0.025">
    </testcase>
  </testsuite>
</testsuites>
